<?xml version="1.0" encoding="UTF-8"?>
<!-- Generated by org.testng.reporters.JUnitReportReporter -->
<testsuite hostname="DESKTOP-NVEODL2" failures="0" tests="1" name="com.tstNGAnnotations.TestNGAnnotations" time="0.019" errors="0" timestamp="2024-06-08T08:33:37 IST" skipped="0">
  <testcase classname="com.tstNGAnnotations.TestNGAnnotations" name="brinjal" time="0.019"/>
  <system-out/>
</testsuite> <!-- com.tstNGAnnotations.TestNGAnnotations -->
