<?xml version="1.0" encoding="UTF-8"?>
<!-- Generated by org.testng.reporters.JUnitReportReporter -->
<testsuite hostname="DESKTOP-NVEODL2" failures="0" tests="1" name="com.tstNGAnnotations.Samp" time="0.021" errors="0" timestamp="2024-06-14T14:48:59 IST" skipped="0">
  <testcase classname="com.tstNGAnnotations.Samp" name="guava" time="0.021"/>
  <system-out/>
</testsuite> <!-- com.tstNGAnnotations.Samp -->
