<?xml version="1.0" encoding="UTF-8"?>
<!-- Generated by org.testng.reporters.JUnitReportReporter -->
<testsuite hostname="DESKTOP-NVEODL2" failures="0" tests="1" name="com.tstNGAnnotations.Samp1" time="0.004" errors="0" timestamp="2024-06-11T20:44:53 IST" skipped="0">
  <testcase classname="com.tstNGAnnotations.Samp1" name="banana" time="0.004"/>
  <system-out/>
</testsuite> <!-- com.tstNGAnnotations.Samp1 -->
