<?xml version="1.0" encoding="UTF-8"?>
<!-- Generated by org.testng.reporters.JUnitReportReporter -->
<testsuite hostname="DESKTOP-NVEODL2" failures="0" tests="2" name="com.tstNGAnnotations.Samp2" time="0.028" errors="0" timestamp="2024-06-12T23:38:36 IST" skipped="0">
  <testcase classname="com.tstNGAnnotations.Samp2" name="doubleCoconut" time="0.016"/>
  <system-out/>
  <testcase classname="com.tstNGAnnotations.Samp2" name="tenderCoconut" time="0.012"/>
  <system-out/>
</testsuite> <!-- com.tstNGAnnotations.Samp2 -->
