<?xml version="1.0" encoding="UTF-8"?>
<!-- Generated by org.testng.reporters.JUnitReportReporter -->
<testsuite hostname="DESKTOP-NVEODL2" failures="0" tests="2" name="com.tstNGAnnotations.XBrowser" time="17.917" errors="0" timestamp="2024-06-14T18:31:59 IST" skipped="0">
  <testcase classname="com.tstNGAnnotations.XBrowser" name="browser2" time="0.020"/>
  <system-out/>
  <testcase classname="com.tstNGAnnotations.XBrowser" name="browser1" time="17.897"/>
  <system-out/>
</testsuite> <!-- com.tstNGAnnotations.XBrowser -->
